c:\users\peyton\documents\github\2dgameengine\x64\debug\vc143.pdb
c:\users\peyton\documents\github\2dgameengine\x64\debug\vc143.idb
c:\users\peyton\documents\github\2dgameengine\x64\debug\program.obj
c:\users\peyton\documents\github\2dgameengine\x64\debug\glad.obj
c:\users\peyton\documents\github\2dgameengine\x64\debug\stb_image.obj
c:\users\peyton\documents\github\2dgameengine\x64\debug\imgui_widgets.obj
c:\users\peyton\documents\github\2dgameengine\x64\debug\imgui_tables.obj
c:\users\peyton\documents\github\2dgameengine\x64\debug\imgui_impl_opengl3.obj
c:\users\peyton\documents\github\2dgameengine\x64\debug\imgui_impl_glfw.obj
c:\users\peyton\documents\github\2dgameengine\x64\debug\imgui_draw.obj
c:\users\peyton\documents\github\2dgameengine\x64\debug\imgui_demo.obj
c:\users\peyton\documents\github\2dgameengine\x64\debug\imgui.obj
c:\users\peyton\documents\github\2dgameengine\x64\debug\2dgameengine.ilk
c:\users\peyton\documents\github\2dgameengine\x64\debug\2dgameengine.exe
c:\users\peyton\documents\github\2dgameengine\x64\debug\2dgameengine.pdb
c:\users\peyton\documents\github\2dgameengine\x64\debug\2dgameengine.tlog\cl.command.1.tlog
c:\users\peyton\documents\github\2dgameengine\x64\debug\2dgameengine.tlog\cl.read.1.tlog
c:\users\peyton\documents\github\2dgameengine\x64\debug\2dgameengine.tlog\cl.write.1.tlog
c:\users\peyton\documents\github\2dgameengine\x64\debug\2dgameengine.tlog\link.command.1.tlog
c:\users\peyton\documents\github\2dgameengine\x64\debug\2dgameengine.tlog\link.read.1.tlog
c:\users\peyton\documents\github\2dgameengine\x64\debug\2dgameengine.tlog\link.write.1.tlog
