c:\users\peyton\documents\github\pyxisengine\pyxis\x64\debug\vc143.pdb
c:\users\peyton\documents\github\pyxisengine\pyxis\x64\debug\vc143.idb
c:\users\peyton\documents\github\pyxisengine\pyxis\x64\debug\stb_image.obj
c:\users\peyton\documents\github\pyxisengine\pyxis\x64\debug\imgui_widgets.obj
c:\users\peyton\documents\github\pyxisengine\pyxis\x64\debug\imgui_tables.obj
c:\users\peyton\documents\github\pyxisengine\pyxis\x64\debug\imgui_impl_opengl3.obj
c:\users\peyton\documents\github\pyxisengine\pyxis\x64\debug\imgui_impl_glfw.obj
c:\users\peyton\documents\github\pyxisengine\pyxis\x64\debug\imgui_draw.obj
c:\users\peyton\documents\github\pyxisengine\pyxis\x64\debug\imgui_demo.obj
c:\users\peyton\documents\github\pyxisengine\pyxis\x64\debug\imgui.obj
c:\users\peyton\documents\github\pyxisengine\pyxis\x64\debug\application.obj
c:\users\peyton\documents\github\pyxisengine\pyxis\x64\debug\log.obj
c:\users\peyton\documents\github\pyxisengine\pyxis\x64\debug\glad.obj
c:\users\peyton\documents\github\pyxisengine\pyxis\x64\debug\pyxis.ilk
c:\users\peyton\documents\github\pyxisengine\x64\debug\pyxis.dll
c:\users\peyton\documents\github\pyxisengine\x64\debug\pyxis.pdb
c:\users\peyton\documents\github\pyxisengine\x64\debug\pyxis.lib
c:\users\peyton\documents\github\pyxisengine\x64\debug\pyxis.exp
c:\users\peyton\documents\github\pyxisengine\pyxis\x64\debug\pyxis.tlog\cl.command.1.tlog
c:\users\peyton\documents\github\pyxisengine\pyxis\x64\debug\pyxis.tlog\cl.read.1.tlog
c:\users\peyton\documents\github\pyxisengine\pyxis\x64\debug\pyxis.tlog\cl.write.1.tlog
c:\users\peyton\documents\github\pyxisengine\pyxis\x64\debug\pyxis.tlog\link.command.1.tlog
c:\users\peyton\documents\github\pyxisengine\pyxis\x64\debug\pyxis.tlog\link.read.1.tlog
c:\users\peyton\documents\github\pyxisengine\pyxis\x64\debug\pyxis.tlog\link.write.1.tlog
c:\users\peyton\documents\github\pyxisengine\pyxis\x64\debug\pyxis.tlog\link.write.2u.tlog
