c:\users\peyton\documents\github\pyxisengine\bin-int\debug-windows-x86_64\pyxis\pyxis.pch
c:\users\peyton\documents\github\pyxisengine\bin\debug-windows-x86_64\pyxis\pyxis.pdb
c:\users\peyton\documents\github\pyxisengine\bin\debug-windows-x86_64\pyxis\pyxis.idb
c:\users\peyton\documents\github\pyxisengine\bin-int\debug-windows-x86_64\pyxis\pxpch.obj
c:\users\peyton\documents\github\pyxisengine\bin-int\debug-windows-x86_64\pyxis\shader.obj
c:\users\peyton\documents\github\pyxisengine\bin-int\debug-windows-x86_64\pyxis\renderer.obj
c:\users\peyton\documents\github\pyxisengine\bin-int\debug-windows-x86_64\pyxis\buffer.obj
c:\users\peyton\documents\github\pyxisengine\bin-int\debug-windows-x86_64\pyxis\log.obj
c:\users\peyton\documents\github\pyxisengine\bin-int\debug-windows-x86_64\pyxis\layerstack.obj
c:\users\peyton\documents\github\pyxisengine\bin-int\debug-windows-x86_64\pyxis\layer.obj
c:\users\peyton\documents\github\pyxisengine\bin-int\debug-windows-x86_64\pyxis\imguilayer.obj
c:\users\peyton\documents\github\pyxisengine\bin-int\debug-windows-x86_64\pyxis\imguibuild.obj
c:\users\peyton\documents\github\pyxisengine\bin-int\debug-windows-x86_64\pyxis\application.obj
c:\users\peyton\documents\github\pyxisengine\bin-int\debug-windows-x86_64\pyxis\windowswindow.obj
c:\users\peyton\documents\github\pyxisengine\bin-int\debug-windows-x86_64\pyxis\windowsinput.obj
c:\users\peyton\documents\github\pyxisengine\bin-int\debug-windows-x86_64\pyxis\openglshader.obj
c:\users\peyton\documents\github\pyxisengine\bin-int\debug-windows-x86_64\pyxis\openglcontext.obj
c:\users\peyton\documents\github\pyxisengine\bin-int\debug-windows-x86_64\pyxis\openglbuffer.obj
c:\users\peyton\documents\github\pyxisengine\bin\debug-windows-x86_64\pyxis\pyxis.lib
c:\users\peyton\documents\github\pyxisengine\bin-int\debug-windows-x86_64\pyxis\pyxis.tlog\cl.command.1.tlog
c:\users\peyton\documents\github\pyxisengine\bin-int\debug-windows-x86_64\pyxis\pyxis.tlog\cl.read.1.tlog
c:\users\peyton\documents\github\pyxisengine\bin-int\debug-windows-x86_64\pyxis\pyxis.tlog\cl.write.1.tlog
c:\users\peyton\documents\github\pyxisengine\bin-int\debug-windows-x86_64\pyxis\pyxis.tlog\lib-link.read.1.tlog
c:\users\peyton\documents\github\pyxisengine\bin-int\debug-windows-x86_64\pyxis\pyxis.tlog\lib-link.write.1.tlog
c:\users\peyton\documents\github\pyxisengine\bin-int\debug-windows-x86_64\pyxis\pyxis.tlog\lib.command.1.tlog
